0 verbose cli /home/victory/.nvm/versions/node/v18.14.0/bin/node /home/victory/.nvm/versions/node/v18.14.0/bin/npm
1 info using npm@9.3.1
2 info using node@v18.14.0
3 timing npm:load:whichnode Completed in 2ms
4 timing config:load:defaults Completed in 1ms
5 timing config:load:file:/home/victory/.nvm/versions/node/v18.14.0/lib/node_modules/npm/npmrc Completed in 1ms
6 timing config:load:builtin Completed in 1ms
7 timing config:load:cli Completed in 2ms
8 timing config:load:env Completed in 0ms
9 timing config:load:file:/home/victory/Junior/projetoInterno/23.1-eq1-App/api/.npmrc Completed in 1ms
10 timing config:load:project Completed in 9ms
11 timing config:load:file:/home/victory/.config/npm/npmrc Completed in 7ms
12 timing config:load:user Completed in 7ms
13 timing config:load:file:/home/victory/Junior/prisma/prisma-workshop/prisma/etc/npmrc Completed in 2ms
14 timing config:load:global Completed in 2ms
15 timing config:load:setEnvs Completed in 2ms
16 timing config:load Completed in 25ms
17 timing npm:load:configload Completed in 26ms
18 timing npm:load:mkdirpcache Completed in 2ms
19 timing npm:load:mkdirplogs Completed in 1ms
20 verbose title npm install @types/jsonwebtoken
21 verbose argv "install" "--save" "@types/jsonwebtoken"
22 timing npm:load:setTitle Completed in 3ms
23 timing config:load:flatten Completed in 3ms
24 timing npm:load:display Completed in 4ms
25 verbose logfile logs-max:10 dir:/home/victory/Junior/prisma/prisma-workshop/prisma/_logs/2024-01-10T12_26_32_840Z-
26 verbose logfile /home/victory/Junior/prisma/prisma-workshop/prisma/_logs/2024-01-10T12_26_32_840Z-debug-0.log
27 timing npm:load:logFile Completed in 8ms
28 timing npm:load:timers Completed in 0ms
29 timing npm:load:configScope Completed in 0ms
30 timing npm:load Completed in 47ms
31 timing arborist:ctor Completed in 1ms
32 silly logfile start cleaning logs, removing 1 files
33 silly logfile done cleaning log files
34 timing idealTree:init Completed in 288ms
35 timing idealTree:userRequests Completed in 6ms
36 silly idealTree buildDeps
37 silly fetch manifest @types/jsonwebtoken@*
38 timing arborist:ctor Completed in 0ms
39 http fetch GET 200 https://registry.npmjs.org/@types%2fjsonwebtoken 625ms (cache revalidated)
40 silly placeDep ROOT @types/jsonwebtoken@9.0.5 OK for: api@1.0.0 want: *
41 timing idealTree:#root Completed in 642ms
42 timing idealTree:node_modules/@types/jsonwebtoken Completed in 0ms
43 timing idealTree:buildDeps Completed in 644ms
44 timing idealTree:fixDepFlags Completed in 4ms
45 timing idealTree Completed in 953ms
46 timing reify:loadTrees Completed in 954ms
47 timing reify:diffTrees Completed in 15ms
48 silly reify moves {}
49 timing reify:retireShallow Completed in 1ms
50 timing reify:createSparse Completed in 4ms
51 timing reify:loadBundles Completed in 0ms
52 silly audit bulk request {
52 silly audit   '@aashutoshrathi/word-wrap': [ '1.2.6' ],
52 silly audit   '@cspotcode/source-map-support': [ '0.8.1' ],
52 silly audit   '@eslint-community/eslint-utils': [ '4.4.0' ],
52 silly audit   '@eslint-community/regexpp': [ '4.10.0' ],
52 silly audit   '@eslint/eslintrc': [ '2.1.4' ],
52 silly audit   debug: [ '4.3.4', '2.6.9' ],
52 silly audit   ms: [ '2.1.2', '2.1.3', '2.0.0' ],
52 silly audit   'strip-json-comments': [ '3.1.1', '2.0.1' ],
52 silly audit   '@eslint/js': [ '8.56.0' ],
52 silly audit   '@humanwhocodes/config-array': [ '0.11.13' ],
52 silly audit   '@humanwhocodes/module-importer': [ '1.0.1' ],
52 silly audit   '@humanwhocodes/object-schema': [ '2.0.1' ],
52 silly audit   '@jridgewell/resolve-uri': [ '3.1.1' ],
52 silly audit   '@jridgewell/sourcemap-codec': [ '1.4.15' ],
52 silly audit   '@jridgewell/trace-mapping': [ '0.3.9' ],
52 silly audit   '@nodelib/fs.scandir': [ '2.1.5' ],
52 silly audit   '@nodelib/fs.stat': [ '2.0.5' ],
52 silly audit   '@nodelib/fs.walk': [ '1.2.8' ],
52 silly audit   '@prisma/client': [ '5.8.0' ],
52 silly audit   '@prisma/debug': [ '5.8.0' ],
52 silly audit   '@prisma/engines': [ '5.8.0' ],
52 silly audit   '@prisma/engines-version': [ '5.8.0-37.0a83d8541752d7582de2ebc1ece46519ce72a848' ],
52 silly audit   '@prisma/fetch-engine': [ '5.8.0' ],
52 silly audit   '@prisma/get-platform': [ '5.8.0' ],
52 silly audit   '@tsconfig/node10': [ '1.0.9' ],
52 silly audit   '@tsconfig/node12': [ '1.0.11' ],
52 silly audit   '@tsconfig/node14': [ '1.0.3' ],
52 silly audit   '@tsconfig/node16': [ '1.0.4' ],
52 silly audit   '@types/body-parser': [ '1.19.5' ],
52 silly audit   '@types/connect': [ '3.4.38' ],
52 silly audit   '@types/cors': [ '2.8.17' ],
52 silly audit   '@types/dotenv': [ '8.2.0' ],
52 silly audit   '@types/eslint': [ '8.44.9' ],
52 silly audit   '@types/estree': [ '1.0.5' ],
52 silly audit   '@types/express': [ '4.17.21' ],
52 silly audit   '@types/express-serve-static-core': [ '4.17.41' ],
52 silly audit   '@types/http-errors': [ '2.0.4' ],
52 silly audit   '@types/json-schema': [ '7.0.15' ],
52 silly audit   '@types/mime': [ '1.3.5' ],
52 silly audit   '@types/node': [ '20.10.5' ],
52 silly audit   '@types/qs': [ '6.9.10' ],
52 silly audit   '@types/range-parser': [ '1.2.7' ],
52 silly audit   '@types/semver': [ '7.5.6' ],
52 silly audit   '@types/send': [ '0.17.4' ],
52 silly audit   '@types/serve-static': [ '1.15.5' ],
52 silly audit   '@types/strip-bom': [ '3.0.0' ],
52 silly audit   '@types/strip-json-comments': [ '0.0.30' ],
52 silly audit   '@typescript-eslint/eslint-plugin': [ '6.15.0' ],
52 silly audit   '@typescript-eslint/parser': [ '6.15.0' ],
52 silly audit   '@typescript-eslint/scope-manager': [ '6.15.0' ],
52 silly audit   '@typescript-eslint/type-utils': [ '6.15.0' ],
52 silly audit   '@typescript-eslint/types': [ '6.15.0' ],
52 silly audit   '@typescript-eslint/typescript-estree': [ '6.15.0' ],
52 silly audit   '@typescript-eslint/utils': [ '6.15.0' ],
52 silly audit   '@typescript-eslint/visitor-keys': [ '6.15.0' ],
52 silly audit   '@ungap/structured-clone': [ '1.2.0' ],
52 silly audit   accepts: [ '1.3.8' ],
52 silly audit   acorn: [ '8.11.2' ],
52 silly audit   'acorn-jsx': [ '5.3.2' ],
52 silly audit   'acorn-walk': [ '8.3.1' ],
52 silly audit   ajv: [ '6.12.6' ],
52 silly audit   'ansi-regex': [ '5.0.1' ],
52 silly audit   'ansi-styles': [ '4.3.0' ],
52 silly audit   anymatch: [ '3.1.3' ],
52 silly audit   arg: [ '4.1.3' ],
52 silly audit   argparse: [ '2.0.1' ],
52 silly audit   'array-flatten': [ '1.1.1' ],
52 silly audit   'array-union': [ '2.1.0' ],
52 silly audit   'balanced-match': [ '1.0.2' ],
52 silly audit   'binary-extensions': [ '2.2.0' ],
52 silly audit   'body-parser': [ '1.20.1' ],
52 silly audit   'brace-expansion': [ '1.1.11' ],
52 silly audit   braces: [ '3.0.2' ],
52 silly audit   'buffer-equal-constant-time': [ '1.0.1' ],
52 silly audit   'buffer-from': [ '1.1.2' ],
52 silly audit   bytes: [ '3.1.2' ],
52 silly audit   'call-bind': [ '1.0.5' ],
52 silly audit   callsites: [ '3.1.0' ],
52 silly audit   chalk: [ '4.1.2' ],
52 silly audit   chokidar: [ '3.5.3' ],
52 silly audit   'color-convert': [ '2.0.1' ],
52 silly audit   'color-name': [ '1.1.4' ],
52 silly audit   'concat-map': [ '0.0.1' ],
52 silly audit   'content-disposition': [ '0.5.4' ],
52 silly audit   'content-type': [ '1.0.5' ],
52 silly audit   cookie: [ '0.5.0' ],
52 silly audit   'cookie-signature': [ '1.0.6' ],
52 silly audit   cors: [ '2.8.5' ],
52 silly audit   'create-require': [ '1.1.1' ],
52 silly audit   'cross-spawn': [ '7.0.3' ],
52 silly audit   'deep-is': [ '0.1.4' ],
52 silly audit   'define-data-property': [ '1.1.1' ],
52 silly audit   depd: [ '2.0.0' ],
52 silly audit   destroy: [ '1.2.0' ],
52 silly audit   diff: [ '4.0.2' ],
52 silly audit   'dir-glob': [ '3.0.1' ],
52 silly audit   doctrine: [ '3.0.0' ],
52 silly audit   dotenv: [ '16.3.1' ],
52 silly audit   'dynamic-dedupe': [ '0.3.0' ],
52 silly audit   'ecdsa-sig-formatter': [ '1.0.11' ],
52 silly audit   'ee-first': [ '1.1.1' ],
52 silly audit   encodeurl: [ '1.0.2' ],
52 silly audit   'escape-html': [ '1.0.3' ],
52 silly audit   'escape-string-regexp': [ '4.0.0' ],
52 silly audit   eslint: [ '8.56.0' ],
52 silly audit   'eslint-scope': [ '7.2.2' ],
52 silly audit   'eslint-visitor-keys': [ '3.4.3' ],
52 silly audit   'glob-parent': [ '6.0.2', '5.1.2' ],
52 silly audit   espree: [ '9.6.1' ],
52 silly audit   esquery: [ '1.5.0' ],
52 silly audit   esrecurse: [ '4.3.0' ],
52 silly audit   estraverse: [ '5.3.0' ],
52 silly audit   esutils: [ '2.0.3' ],
52 silly audit   etag: [ '1.8.1' ],
52 silly audit   express: [ '4.18.2' ],
52 silly audit   'fast-deep-equal': [ '3.1.3' ],
52 silly audit   'fast-glob': [ '3.3.2' ],
52 silly audit   'fast-json-stable-stringify': [ '2.1.0' ],
52 silly audit   'fast-levenshtein': [ '2.0.6' ],
52 silly audit   fastq: [ '1.16.0' ],
52 silly audit   'file-entry-cache': [ '6.0.1' ],
52 silly audit   'fill-range': [ '7.0.1' ],
52 silly audit   finalhandler: [ '1.2.0' ],
52 silly audit   'find-up': [ '5.0.0' ],
52 silly audit   'flat-cache': [ '3.2.0' ],
52 silly audit   rimraf: [ '3.0.2', '2.7.1' ],
52 silly audit   flatted: [ '3.2.9' ],
52 silly audit   forwarded: [ '0.2.0' ],
52 silly audit   fresh: [ '0.5.2' ],
52 silly audit   'fs.realpath': [ '1.0.0' ],
52 silly audit   fsevents: [ '2.3.3' ],
52 silly audit   'function-bind': [ '1.1.2' ],
52 silly audit   'get-intrinsic': [ '1.2.2' ],
52 silly audit   glob: [ '7.2.3' ],
52 silly audit   globals: [ '13.24.0' ],
52 silly audit   globby: [ '11.1.0' ],
52 silly audit   gopd: [ '1.0.1' ],
52 silly audit   graphemer: [ '1.4.0' ],
52 silly audit   'has-flag': [ '4.0.0' ],
52 silly audit   'has-property-descriptors': [ '1.0.1' ],
52 silly audit   'has-proto': [ '1.0.1' ],
52 silly audit   'has-symbols': [ '1.0.3' ],
52 silly audit   hasown: [ '2.0.0' ],
52 silly audit   'http-errors': [ '2.0.0' ],
52 silly audit   'iconv-lite': [ '0.4.24' ],
52 silly audit   ignore: [ '5.3.0' ],
52 silly audit   'import-fresh': [ '3.3.0' ],
52 silly audit   imurmurhash: [ '0.1.4' ],
52 silly audit   inflight: [ '1.0.6' ],
52 silly audit   inherits: [ '2.0.4' ],
52 silly audit   'ipaddr.js': [ '1.9.1' ],
52 silly audit   'is-binary-path': [ '2.1.0' ],
52 silly audit   'is-core-module': [ '2.13.1' ],
52 silly audit   'is-extglob': [ '2.1.1' ],
52 silly audit   'is-glob': [ '4.0.3' ],
52 silly audit   'is-number': [ '7.0.0' ],
52 silly audit   'is-path-inside': [ '3.0.3' ],
52 silly audit   isexe: [ '2.0.0' ],
52 silly audit   'js-yaml': [ '4.1.0' ],
52 silly audit   'json-buffer': [ '3.0.1' ],
52 silly audit   'json-schema-traverse': [ '0.4.1' ],
52 silly audit   'json-stable-stringify-without-jsonify': [ '1.0.1' ],
52 silly audit   jsonwebtoken: [ '9.0.2' ],
52 silly audit   jwa: [ '1.4.1' ],
52 silly audit   jws: [ '3.2.2' ],
52 silly audit   keyv: [ '4.5.4' ],
52 silly audit   levn: [ '0.4.1' ],
52 silly audit   'locate-path': [ '6.0.0' ],
52 silly audit   'lodash.includes': [ '4.3.0' ],
52 silly audit   'lodash.isboolean': [ '3.0.3' ],
52 silly audit   'lodash.isinteger': [ '4.0.4' ],
52 silly audit   'lodash.isnumber': [ '3.0.3' ],
52 silly audit   'lodash.isplainobject': [ '4.0.6' ],
52 silly audit   'lodash.isstring': [ '4.0.1' ],
52 silly audit   'lodash.merge': [ '4.6.2' ],
52 silly audit   'lodash.once': [ '4.1.1' ],
52 silly audit   'lru-cache': [ '6.0.0' ],
52 silly audit   'make-error': [ '1.3.6' ],
52 silly audit   'media-typer': [ '0.3.0' ],
52 silly audit   'merge-descriptors': [ '1.0.1' ],
52 silly audit   merge2: [ '1.4.1' ],
52 silly audit   methods: [ '1.1.2' ],
52 silly audit   micromatch: [ '4.0.5' ],
52 silly audit   mime: [ '1.6.0' ],
52 silly audit   'mime-db': [ '1.52.0' ],
52 silly audit   'mime-types': [ '2.1.35' ],
52 silly audit   minimatch: [ '3.1.2' ],
52 silly audit   minimist: [ '1.2.8' ],
52 silly audit   mkdirp: [ '1.0.4' ],
52 silly audit   'natural-compare': [ '1.4.0' ],
52 silly audit   negotiator: [ '0.6.3' ],
52 silly audit   'normalize-path': [ '3.0.0' ],
52 silly audit   'object-assign': [ '4.1.1' ],
52 silly audit   'object-inspect': [ '1.13.1' ],
52 silly audit   'on-finished': [ '2.4.1' ],
52 silly audit   once: [ '1.4.0' ],
52 silly audit   optionator: [ '0.9.3' ],
52 silly audit   'p-limit': [ '3.1.0' ],
52 silly audit   'p-locate': [ '5.0.0' ],
52 silly audit   'parent-module': [ '1.0.1' ],
52 silly audit   parseurl: [ '1.3.3' ],
52 silly audit   'path-exists': [ '4.0.0' ],
52 silly audit   'path-is-absolute': [ '1.0.1' ],
52 silly audit   'path-key': [ '3.1.1' ],
52 silly audit   'path-parse': [ '1.0.7' ],
52 silly audit   'path-to-regexp': [ '0.1.7' ],
52 silly audit   'path-type': [ '4.0.0' ],
52 silly audit   picomatch: [ '2.3.1' ],
52 silly audit   'prelude-ls': [ '1.2.1' ],
52 silly audit   prisma: [ '5.8.0' ],
52 silly audit   'proxy-addr': [ '2.0.7' ],
52 silly audit   punycode: [ '2.3.1' ],
52 silly audit   qs: [ '6.11.0' ],
52 silly audit   'queue-microtask': [ '1.2.3' ],
52 silly audit   'range-parser': [ '1.2.1' ],
52 silly audit   'raw-body': [ '2.5.1' ],
52 silly audit   readdirp: [ '3.6.0' ],
52 silly audit   resolve: [ '1.22.8' ],
52 silly audit   'resolve-from': [ '4.0.0' ],
52 silly audit   reusify: [ '1.0.4' ],
52 silly audit   'run-parallel': [ '1.2.0' ],
52 silly audit   'safe-buffer': [ '5.2.1' ],
52 silly audit   'safer-buffer': [ '2.1.2' ],
52 silly audit   semver: [ '7.5.4' ],
52 silly audit   send: [ '0.18.0' ],
52 silly audit   'serve-static': [ '1.15.0' ],
52 silly audit   'set-function-length': [ '1.1.1' ],
52 silly audit   setprototypeof: [ '1.2.0' ],
52 silly audit   'shebang-command': [ '2.0.0' ],
52 silly audit   'shebang-regex': [ '3.0.0' ],
52 silly audit   'side-channel': [ '1.0.4' ],
52 silly audit   slash: [ '3.0.0' ],
52 silly audit   'source-map': [ '0.6.1' ],
52 silly audit   'source-map-support': [ '0.5.21' ],
52 silly audit   statuses: [ '2.0.1' ],
52 silly audit   'strip-ansi': [ '6.0.1' ],
52 silly audit   'strip-bom': [ '3.0.0' ],
52 silly audit   'supports-color': [ '7.2.0' ],
52 silly audit   'supports-preserve-symlinks-flag': [ '1.0.0' ],
52 silly audit   'text-table': [ '0.2.0' ],
52 silly audit   'to-regex-range': [ '5.0.1' ],
52 silly audit   toidentifier: [ '1.0.1' ],
52 silly audit   'tree-kill': [ '1.2.2' ],
52 silly audit   'ts-api-utils': [ '1.0.3' ],
52 silly audit   'ts-node': [ '10.9.2' ],
52 silly audit   'ts-node-dev': [ '2.0.0' ],
52 silly audit   tsconfig: [ '7.0.0' ],
52 silly audit   'type-check': [ '0.4.0' ],
52 silly audit   'type-fest': [ '0.20.2' ],
52 silly audit   'type-is': [ '1.6.18' ],
52 silly audit   typescript: [ '5.3.3' ],
52 silly audit   'undici-types': [ '5.26.5' ],
52 silly audit   unpipe: [ '1.0.0' ],
52 silly audit   'uri-js': [ '4.4.1' ],
52 silly audit   'utils-merge': [ '1.0.1' ],
52 silly audit   'v8-compile-cache-lib': [ '3.0.1' ],
52 silly audit   vary: [ '1.1.2' ],
52 silly audit   which: [ '2.0.2' ],
52 silly audit   wrappy: [ '1.0.2' ],
52 silly audit   xtend: [ '4.0.2' ],
52 silly audit   yallist: [ '4.0.0' ],
52 silly audit   yn: [ '3.1.1' ],
52 silly audit   'yocto-queue': [ '0.1.0' ],
52 silly audit   '@types/jsonwebtoken': [ '9.0.5' ]
52 silly audit }
53 verbose reify failed optional dependency /home/victory/Junior/projetoInterno/23.1-eq1-App/api/node_modules/fsevents
54 silly reify mark deleted [
54 silly reify   '/home/victory/Junior/projetoInterno/23.1-eq1-App/api/node_modules/fsevents'
54 silly reify ]
55 timing reifyNode:node_modules/fsevents Completed in 15ms
56 timing reifyNode:node_modules/@types/jsonwebtoken Completed in 35ms
57 timing reify:unpack Completed in 36ms
58 timing reify:unretire Completed in 0ms
59 timing build:queue Completed in 1ms
60 timing build:deps Completed in 1ms
61 timing build Completed in 2ms
62 timing reify:build Completed in 3ms
63 timing reify:trash Completed in 2ms
64 timing reify:save Completed in 145ms
65 http fetch POST 200 https://registry.npmjs.org/-/npm/v1/security/advisories/bulk 396ms
66 timing auditReport:getReport Completed in 405ms
67 silly audit report {}
68 timing auditReport:init Completed in 0ms
69 timing reify:audit Completed in 406ms
70 timing reify Completed in 1391ms
71 silly ADD node_modules/@types/jsonwebtoken
72 silly ADD
73 timing command:install Completed in 1410ms
74 verbose exit 0
75 timing npm Completed in 1506ms
76 info ok
