0 verbose cli /home/victory/.nvm/versions/node/v18.14.0/bin/node /home/victory/.nvm/versions/node/v18.14.0/bin/npm
1 info using npm@9.3.1
2 info using node@v18.14.0
3 timing npm:load:whichnode Completed in 1ms
4 timing config:load:defaults Completed in 2ms
5 timing config:load:file:/home/victory/.nvm/versions/node/v18.14.0/lib/node_modules/npm/npmrc Completed in 1ms
6 timing config:load:builtin Completed in 1ms
7 timing config:load:cli Completed in 2ms
8 timing config:load:env Completed in 0ms
9 timing config:load:file:/home/victory/Junior/projetoInterno/23.1-eq1-App/api/.npmrc Completed in 0ms
10 timing config:load:project Completed in 3ms
11 timing config:load:file:/home/victory/.config/npm/npmrc Completed in 3ms
12 timing config:load:user Completed in 3ms
13 timing config:load:file:/home/victory/Junior/prisma/prisma-workshop/prisma/etc/npmrc Completed in 1ms
14 timing config:load:global Completed in 1ms
15 timing config:load:setEnvs Completed in 1ms
16 timing config:load Completed in 13ms
17 timing npm:load:configload Completed in 13ms
18 timing npm:load:mkdirpcache Completed in 0ms
19 timing npm:load:mkdirplogs Completed in 1ms
20 verbose title npm view @typescript-eslint/eslint-plugin description dist-tags.latest homepage version time
21 verbose argv "view" "--json" "--" "@typescript-eslint/eslint-plugin" "description" "dist-tags.latest" "homepage" "version" "time"
22 timing npm:load:setTitle Completed in 1ms
23 timing config:load:flatten Completed in 2ms
24 timing npm:load:display Completed in 4ms
25 verbose logfile logs-max:10 dir:/home/victory/Junior/prisma/prisma-workshop/prisma/_logs/2024-01-10T12_24_12_722Z-
26 verbose logfile /home/victory/Junior/prisma/prisma-workshop/prisma/_logs/2024-01-10T12_24_12_722Z-debug-0.log
27 timing npm:load:logFile Completed in 5ms
28 timing npm:load:timers Completed in 0ms
29 timing npm:load:configScope Completed in 0ms
30 timing npm:load Completed in 26ms
31 silly logfile start cleaning logs, removing 1 files
32 silly logfile done cleaning log files
33 http fetch GET 200 https://registry.npmjs.org/@typescript-eslint%2feslint-plugin 68405ms (cache miss)
34 timing command:view Completed in 100060ms
35 verbose exit 0
36 timing npm Completed in 103786ms
37 info ok
