0 verbose cli /home/victory/.nvm/versions/node/v18.14.0/bin/node /home/victory/.nvm/versions/node/v18.14.0/bin/npm
1 info using npm@9.3.1
2 info using node@v18.14.0
3 timing npm:load:whichnode Completed in 7ms
4 timing config:load:defaults Completed in 2ms
5 timing config:load:file:/home/victory/.nvm/versions/node/v18.14.0/lib/node_modules/npm/npmrc Completed in 0ms
6 timing config:load:builtin Completed in 0ms
7 timing config:load:cli Completed in 1ms
8 timing config:load:env Completed in 0ms
9 timing config:load:file:/home/victory/.cache/typescript/5.3/.npmrc Completed in 0ms
10 timing config:load:project Completed in 6ms
11 timing config:load:file:/home/victory/.config/npm/npmrc Completed in 3ms
12 timing config:load:user Completed in 3ms
13 timing config:load:file:/home/victory/Junior/prisma/prisma-workshop/prisma/etc/npmrc Completed in 1ms
14 timing config:load:global Completed in 1ms
15 timing config:load:setEnvs Completed in 1ms
16 timing config:load Completed in 16ms
17 timing npm:load:configload Completed in 16ms
18 timing npm:load:mkdirpcache Completed in 2ms
19 timing npm:load:mkdirplogs Completed in 1ms
20 verbose title npm install @types/jsonwebtoken@ts5.3
21 verbose argv "install" "--ignore-scripts" "@types/jsonwebtoken@ts5.3" "--save-dev" "--user-agent" "typesInstaller/5.3.2"
22 timing npm:load:setTitle Completed in 1ms
23 timing config:load:flatten Completed in 6ms
24 timing npm:load:display Completed in 7ms
25 verbose logfile logs-max:10 dir:/home/victory/Junior/prisma/prisma-workshop/prisma/_logs/2024-01-10T12_37_12_521Z-
26 verbose logfile /home/victory/Junior/prisma/prisma-workshop/prisma/_logs/2024-01-10T12_37_12_521Z-debug-0.log
27 timing npm:load:logFile Completed in 6ms
28 timing npm:load:timers Completed in 0ms
29 timing npm:load:configScope Completed in 0ms
30 timing npm:load Completed in 40ms
31 timing arborist:ctor Completed in 1ms
32 silly logfile start cleaning logs, removing 1 files
33 silly logfile done cleaning log files
34 timing idealTree:init Completed in 22ms
35 timing arborist:ctor Completed in 0ms
36 http fetch GET 200 https://registry.npmjs.org/@types%2fjsonwebtoken 2177ms (cache revalidated)
37 timing idealTree:userRequests Completed in 2184ms
38 silly idealTree buildDeps
39 silly fetch manifest @types/jsonwebtoken@9.0.5
40 silly placeDep ROOT @types/jsonwebtoken@9.0.5 OK for:  want: 9.0.5
41 timing idealTree:#root Completed in 8ms
42 timing idealTree:node_modules/@types/jsonwebtoken Completed in 0ms
43 timing idealTree:buildDeps Completed in 10ms
44 timing idealTree:fixDepFlags Completed in 1ms
45 timing idealTree Completed in 2221ms
46 timing reify:loadTrees Completed in 2222ms
47 timing reify:diffTrees Completed in 2ms
48 silly reify moves {}
49 timing reify:retireShallow Completed in 2ms
50 timing reify:createSparse Completed in 2ms
51 timing reify:loadBundles Completed in 0ms
52 silly audit bulk request {
52 silly audit   '@types/node': [ '20.10.8' ],
52 silly audit   'types-registry': [ '0.1.678' ],
52 silly audit   'undici-types': [ '5.26.5' ],
52 silly audit   '@types/jsonwebtoken': [ '9.0.5' ]
52 silly audit }
53 timing reifyNode:node_modules/@types/jsonwebtoken Completed in 16ms
54 timing reify:unpack Completed in 16ms
55 timing reify:unretire Completed in 1ms
56 timing build:queue Completed in 2ms
57 timing build:deps Completed in 2ms
58 timing build Completed in 2ms
59 timing reify:build Completed in 2ms
60 timing reify:trash Completed in 0ms
61 timing reify:save Completed in 8ms
62 http fetch POST 200 https://registry.npmjs.org/-/npm/v1/security/advisories/bulk 1213ms
63 timing auditReport:getReport Completed in 1216ms
64 silly audit report {}
65 timing auditReport:init Completed in 0ms
66 timing reify:audit Completed in 1217ms
67 timing reify Completed in 3450ms
68 silly ADD node_modules/@types/jsonwebtoken
69 timing command:install Completed in 3456ms
70 verbose exit 0
71 timing npm Completed in 3513ms
72 info ok
